<?xml version="1.0" encoding="UTF-8"?>
<testsuite xmlns:xsi="http://www.w3.org/2001/XMLSchema-instance" xsi:noNamespaceSchemaLocation="https://maven.apache.org/surefire/maven-surefire-plugin/xsd/surefire-test-report-3.0.xsd" version="3.0" name="com.ssafy.ws.SpringWs095ApplicationTests" time="2.742" tests="1" errors="0" skipped="0" failures="0">
  <properties>
[...]
</properties>
  <testcase name="contextLoads" classname="com.ssafy.ws.SpringWs095ApplicationTests" time="0.667">
    <system-out><![CDATA[16:49:39.242 [main] INFO org.springframework.test.context.support.AnnotationConfigContextLoaderUtils -- Could not detect default configuration classes for test class [com.ssafy.ws.SpringWs095ApplicationTests]: SpringWs095ApplicationTests does not declare any static, non-private, non-final, nested classes annotated with @Configuration.
16:49:39.319 [main] INFO org.springframework.boot.test.context.SpringBootTestContextBootstrapper -- Found @SpringBootConfiguration com.ssafy.ws.SpringWs095Application for test class com.ssafy.ws.SpringWs095ApplicationTests
16:49:39.443 [main] INFO org.springframework.boot.devtools.restart.RestartApplicationListener -- Restart disabled due to context in which it is running

  .   ____          _            __ _ _
 /\\ / ___'_ __ _ _(_)_ __  __ _ \ \ \ \
( ( )\___ | '_ | '_| | '_ \/ _` | \ \ \ \
 \\/  ___)| |_)| | | | | || (_| |  ) ) ) )
  '  |____| .__|_| |_|_| |_\__, | / / / /
 =========|_|==============|___/=/_/_/_/
 :: Spring Boot ::                (v3.2.3)

2024-04-19T16:49:39.632+09:00  INFO 3176 --- [           main] c.ssafy.ws.SpringWs095ApplicationTests   : Starting SpringWs095ApplicationTests using Java 17.0.9 with PID 3176 (started by SSAFY in C:\Users\SSAFY\Desktop\silseup\spring_ws_09_5)
2024-04-19T16:49:39.633+09:00 DEBUG 3176 --- [           main] c.ssafy.ws.SpringWs095ApplicationTests   : Running with Spring Boot v3.2.3, Spring v6.1.4
2024-04-19T16:49:39.634+09:00  INFO 3176 --- [           main] c.ssafy.ws.SpringWs095ApplicationTests   : No active profile set, falling back to 1 default profile: "default"
2024-04-19T16:49:40.501+09:00  INFO 3176 --- [           main] com.zaxxer.hikari.HikariDataSource       : HikariPool-1 - Starting...
2024-04-19T16:49:40.779+09:00  INFO 3176 --- [           main] com.zaxxer.hikari.pool.HikariPool        : HikariPool-1 - Added connection com.mysql.cj.jdbc.ConnectionImpl@712e787e
2024-04-19T16:49:40.780+09:00  INFO 3176 --- [           main] com.zaxxer.hikari.HikariDataSource       : HikariPool-1 - Start completed.
2024-04-19T16:49:41.187+09:00  INFO 3176 --- [           main] c.ssafy.ws.SpringWs095ApplicationTests   : Started SpringWs095ApplicationTests in 1.751 seconds (process running for 2.511)
]]></system-out>
  </testcase>
</testsuite>